-------------------------------------------------------------------------------
Test set: TestSuite
-------------------------------------------------------------------------------
Tests run: 23, Failures: 10, Errors: 0, Skipped: 0, Time elapsed: 427.9 s <<< FAILURE! -- in TestSuite
com.dikahadir.runners.RunnerJabatanTest.runScenario["Mengubah nama jabatan dengan fitur edit dengan data yang valid.", "Edit Jabatan"](1) -- Time elapsed: 13.82 s <<< FAILURE!
org.openqa.selenium.ElementClickInterceptedException: 
Element <button class="MuiButtonBase-root MuiIconButton-root MuiIconButton-sizeLarge css-1ro73q1" type="button"> is not clickable at point (1226,24) because another element <svg class="feather feather-chevron-down "> obscures it
Build info: version: '4.34.0', revision: '707dcb4246*'
System info: os.name: 'Windows 11', os.arch: 'amd64', os.version: '10.0', java.version: '21.0.8'
Driver info: org.openqa.selenium.firefox.FirefoxDriver
Command: [39fb3c23-2102-4fec-ba92-b2bd7ca3a1a0, clickElement {id=b80edaed-a721-4191-83bf-0c696930a557}]
Capabilities {acceptInsecureCerts: true, browserName: firefox, browserVersion: 142.0, moz:accessibilityChecks: false, moz:buildID: 20250811145442, moz:geckodriverVersion: 0.36.0, moz:headless: false, moz:platformVersion: 10.0, moz:processID: 59760, moz:profile: C:\Users\LENOVO\AppData\Loc..., moz:shutdownTimeout: 60000, moz:webdriverClick: true, moz:windowless: false, pageLoadStrategy: normal, platformName: windows, proxy: Proxy(), setWindowRect: true, strictFileInteractability: false, timeouts: {implicit: 0, pageLoad: 300000, script: 30000}, unhandledPromptBehavior: dismiss and notify, userAgent: Mozilla/5.0 (Windows NT 10....}
Element: [[FirefoxDriver: firefox on windows (39fb3c23-2102-4fec-ba92-b2bd7ca3a1a0)] -> xpath: //table//tr[td[normalize-space()='APV']]//button[contains(@class,'MuiButtonBase-root')]]
Session ID: 39fb3c23-2102-4fec-ba92-b2bd7ca3a1a0
	at java.base/jdk.internal.reflect.DirectConstructorHandleAccessor.newInstance(DirectConstructorHandleAccessor.java:62)
	at java.base/java.lang.reflect.Constructor.newInstanceWithCaller(Constructor.java:502)
	at java.base/java.lang.reflect.Constructor.newInstance(Constructor.java:486)
	at org.openqa.selenium.remote.ErrorCodec.decode(ErrorCodec.java:167)
	at org.openqa.selenium.remote.codec.w3c.W3CHttpResponseCodec.decode(W3CHttpResponseCodec.java:138)
	at org.openqa.selenium.remote.codec.w3c.W3CHttpResponseCodec.decode(W3CHttpResponseCodec.java:50)
	at org.openqa.selenium.remote.HttpCommandExecutor.execute(HttpCommandExecutor.java:215)
	at org.openqa.selenium.remote.service.DriverCommandExecutor.invokeExecute(DriverCommandExecutor.java:216)
	at org.openqa.selenium.remote.service.DriverCommandExecutor.execute(DriverCommandExecutor.java:174)
	at org.openqa.selenium.remote.RemoteWebDriver.execute(RemoteWebDriver.java:544)
	at org.openqa.selenium.remote.RemoteWebElement.execute(RemoteWebElement.java:223)
	at org.openqa.selenium.remote.RemoteWebElement.click(RemoteWebElement.java:76)
	at com.dikahadir.page.JabatanPage.scrollAndClick(JabatanPage.java:234)
	at com.dikahadir.page.JabatanPage.clickActionButtonWithPagination(JabatanPage.java:147)
	at com.dikahadir.definitions.jabatan.EditJabatanTest.MenekanTombolAction(EditJabatanTest.java:30)
	at ✽.user menekan tombol action pada jabatan "APV"(file:///C:/Hegar/sqabatch23/TA/web_hadir/src/test/resources/features/jabatan/EditJabatan.feature:8)

com.dikahadir.runners.RunnerJabatanTest.runScenario["Mengubah nama jabatan tetapi level tidak diubah", "Edit Jabatan"](2) -- Time elapsed: 13.05 s <<< FAILURE!
java.lang.RuntimeException: Jabatan dengan nama 'Staff iT Support' tidak ditemukan di semua halaman.
	at com.dikahadir.page.JabatanPage.clickActionButtonWithPagination(JabatanPage.java:162)
	at com.dikahadir.definitions.jabatan.EditJabatanTest.MenekanTombolAction(EditJabatanTest.java:30)
	at ✽.user menekan tombol action pada jabatan "Staff iT Support"(file:///C:/Hegar/sqabatch23/TA/web_hadir/src/test/resources/features/jabatan/EditJabatan.feature:21)

com.dikahadir.runners.RunnerJabatanTest.runScenario["Mengubah level jabatan tetapi nama tidak diubah", "Edit Jabatan"](3) -- Time elapsed: 23.51 s <<< FAILURE!
org.openqa.selenium.ElementClickInterceptedException: 
Element <svg class="MuiSvgIcon-root MuiSvgIcon-fontSizeMedium css-vubbuv"> is not clickable at point (1188,522) because another element <div class="MuiTablePagination-actions"> obscures it
Build info: version: '4.34.0', revision: '707dcb4246*'
System info: os.name: 'Windows 11', os.arch: 'amd64', os.version: '10.0', java.version: '21.0.8'
Driver info: org.openqa.selenium.firefox.FirefoxDriver
Command: [c2becf54-6a44-4f48-812f-e73a9cec2380, clickElement {id=983cdd7e-7c80-499e-8ff6-5d4e1affd71d}]
Capabilities {acceptInsecureCerts: true, browserName: firefox, browserVersion: 142.0, moz:accessibilityChecks: false, moz:buildID: 20250811145442, moz:geckodriverVersion: 0.36.0, moz:headless: false, moz:platformVersion: 10.0, moz:processID: 60648, moz:profile: C:\Users\LENOVO\AppData\Loc..., moz:shutdownTimeout: 60000, moz:webdriverClick: true, moz:windowless: false, pageLoadStrategy: normal, platformName: windows, proxy: Proxy(), setWindowRect: true, strictFileInteractability: false, timeouts: {implicit: 0, pageLoad: 300000, script: 30000}, unhandledPromptBehavior: dismiss and notify, userAgent: Mozilla/5.0 (Windows NT 10....}
Element: [[FirefoxDriver: firefox on windows (c2becf54-6a44-4f48-812f-e73a9cec2380)] -> xpath: //*[name()='svg' and @data-testid='KeyboardArrowRightIcon']]
Session ID: c2becf54-6a44-4f48-812f-e73a9cec2380
	at java.base/jdk.internal.reflect.DirectConstructorHandleAccessor.newInstance(DirectConstructorHandleAccessor.java:62)
	at java.base/java.lang.reflect.Constructor.newInstanceWithCaller(Constructor.java:502)
	at java.base/java.lang.reflect.Constructor.newInstance(Constructor.java:486)
	at org.openqa.selenium.remote.ErrorCodec.decode(ErrorCodec.java:167)
	at org.openqa.selenium.remote.codec.w3c.W3CHttpResponseCodec.decode(W3CHttpResponseCodec.java:138)
	at org.openqa.selenium.remote.codec.w3c.W3CHttpResponseCodec.decode(W3CHttpResponseCodec.java:50)
	at org.openqa.selenium.remote.HttpCommandExecutor.execute(HttpCommandExecutor.java:215)
	at org.openqa.selenium.remote.service.DriverCommandExecutor.invokeExecute(DriverCommandExecutor.java:216)
	at org.openqa.selenium.remote.service.DriverCommandExecutor.execute(DriverCommandExecutor.java:174)
	at org.openqa.selenium.remote.RemoteWebDriver.execute(RemoteWebDriver.java:544)
	at org.openqa.selenium.remote.RemoteWebElement.execute(RemoteWebElement.java:223)
	at org.openqa.selenium.remote.RemoteWebElement.click(RemoteWebElement.java:76)
	at com.dikahadir.page.JabatanPage.scrollAndClick(JabatanPage.java:234)
	at com.dikahadir.page.JabatanPage.clickActionButtonWithPagination(JabatanPage.java:157)
	at com.dikahadir.definitions.jabatan.EditJabatanTest.MenekanTombolAction(EditJabatanTest.java:30)
	at ✽.user menekan tombol action pada jabatan "Assistant"(file:///C:/Hegar/sqabatch23/TA/web_hadir/src/test/resources/features/jabatan/EditJabatan.feature:33)

com.dikahadir.runners.RunnerJabatanTest.runScenario["Mengubah nama jabatan dan level jabatan dengan nama jabatan dan level jabatan yang sudah ada,inputan level mengandung angka negtif", "Edit Jabatan"](4) -- Time elapsed: 11.73 s <<< FAILURE!
java.lang.AssertionError: Pesan sukses tidak sesuai expected [Gagal Edit Jabatan] but found [Berhasil Edit Jabatan]
	at org.testng.Assert.fail(Assert.java:111)
	at org.testng.Assert.failNotEquals(Assert.java:1578)
	at org.testng.Assert.assertEqualsImpl(Assert.java:150)
	at org.testng.Assert.assertEquals(Assert.java:132)
	at org.testng.Assert.assertEquals(Assert.java:656)
	at com.dikahadir.definitions.jabatan.EditJabatanTest.sistemMenampilkanPesan(EditJabatanTest.java:59)
	at ✽.sistem akan menampilkan pesan "Gagal Edit Jabatan"(file:///C:/Hegar/sqabatch23/TA/web_hadir/src/test/resources/features/jabatan/EditJabatan.feature:51)

com.dikahadir.runners.RunnerJabatanTest.runScenario["Mengubah nama jabatan dan level jabatan dengan nama jabatan dan level jabatan yang sudah ada,inputan level mengandung angka negtif", "Edit Jabatan"](5) -- Time elapsed: 13.69 s <<< FAILURE!
java.lang.AssertionError: Pesan sukses tidak sesuai expected [Gagal Edit Jabatan] but found [Berhasil Edit Jabatan]
	at org.testng.Assert.fail(Assert.java:111)
	at org.testng.Assert.failNotEquals(Assert.java:1578)
	at org.testng.Assert.assertEqualsImpl(Assert.java:150)
	at org.testng.Assert.assertEquals(Assert.java:132)
	at org.testng.Assert.assertEquals(Assert.java:656)
	at com.dikahadir.definitions.jabatan.EditJabatanTest.sistemMenampilkanPesan(EditJabatanTest.java:59)
	at ✽.sistem akan menampilkan pesan "Gagal Edit Jabatan"(file:///C:/Hegar/sqabatch23/TA/web_hadir/src/test/resources/features/jabatan/EditJabatan.feature:51)

com.dikahadir.runners.RunnerJabatanTest.runScenario["Validasi field kosong saat mengubah data jabatan", "Edit Jabatan"](8) -- Time elapsed: 13.47 s <<< FAILURE!
io.cucumber.core.exception.CucumberException: 
Step [user menekan tombol batal pada form edit jabatan] is defined with 1 parameters at 'com.dikahadir.definitions.jabatan.EditJabatanTest.sistemMenampilkanPesan(java.lang.String)'.
However, the gherkin step has 0 arguments.
Step text: user menekan tombol batal pada form edit jabatan
	at io.cucumber.core.runner.PickleStepDefinitionMatch.arityMismatch(PickleStepDefinitionMatch.java:83)
	at io.cucumber.core.runner.PickleStepDefinitionMatch.runStep(PickleStepDefinitionMatch.java:42)
	at io.cucumber.core.runner.ExecutionMode$1.execute(ExecutionMode.java:10)
	at io.cucumber.core.runner.TestStep.executeStep(TestStep.java:84)
	at io.cucumber.core.runner.TestStep.run(TestStep.java:56)
	at io.cucumber.core.runner.PickleStepTestStep.run(PickleStepTestStep.java:51)
	at io.cucumber.core.runner.TestCase.run(TestCase.java:84)
	at io.cucumber.core.runner.Runner.runPickle(Runner.java:75)
	at io.cucumber.testng.TestNGCucumberRunner.lambda$runScenario$1(TestNGCucumberRunner.java:132)
	at io.cucumber.core.runtime.CucumberExecutionContext.lambda$runTestCase$5(CucumberExecutionContext.java:137)
	at io.cucumber.core.runtime.RethrowingThrowableCollector.executeAndThrow(RethrowingThrowableCollector.java:23)
	at io.cucumber.core.runtime.CucumberExecutionContext.runTestCase(CucumberExecutionContext.java:137)
	at io.cucumber.testng.TestNGCucumberRunner.runScenario(TestNGCucumberRunner.java:129)
	at io.cucumber.testng.AbstractTestNGCucumberTests.runScenario(AbstractTestNGCucumberTests.java:35)
	at java.base/jdk.internal.reflect.DirectMethodHandleAccessor.invoke(DirectMethodHandleAccessor.java:103)
	at java.base/java.lang.reflect.Method.invoke(Method.java:580)
	at org.testng.internal.invokers.MethodInvocationHelper.invokeMethod(MethodInvocationHelper.java:141)
	at org.testng.internal.invokers.TestInvoker.invokeMethod(TestInvoker.java:686)
	at org.testng.internal.invokers.TestInvoker.invokeTestMethod(TestInvoker.java:230)
	at org.testng.internal.invokers.MethodRunner.runInSequence(MethodRunner.java:63)
	at org.testng.internal.invokers.TestInvoker$MethodInvocationAgent.invoke(TestInvoker.java:992)
	at org.testng.internal.invokers.TestInvoker.invokeTestMethods(TestInvoker.java:203)
	at org.testng.internal.invokers.TestMethodWorker.invokeTestMethods(TestMethodWorker.java:154)
	at org.testng.internal.invokers.TestMethodWorker.run(TestMethodWorker.java:134)
	at java.base/java.util.ArrayList.forEach(ArrayList.java:1596)
	at org.testng.TestRunner.privateRun(TestRunner.java:739)
	at org.testng.TestRunner.run(TestRunner.java:614)
	at org.testng.SuiteRunner.runTest(SuiteRunner.java:421)
	at org.testng.SuiteRunner.runSequentially(SuiteRunner.java:413)
	at org.testng.SuiteRunner.privateRun(SuiteRunner.java:373)
	at org.testng.SuiteRunner.run(SuiteRunner.java:312)
	at org.testng.SuiteRunnerWorker.runSuite(SuiteRunnerWorker.java:52)
	at org.testng.SuiteRunnerWorker.run(SuiteRunnerWorker.java:95)
	at org.testng.TestNG.runSuitesSequentially(TestNG.java:1274)
	at org.testng.TestNG.runSuitesLocally(TestNG.java:1208)
	at org.testng.TestNG.runSuites(TestNG.java:1112)
	at org.testng.TestNG.run(TestNG.java:1079)
	at org.apache.maven.surefire.testng.TestNGExecutor.run(TestNGExecutor.java:308)
	at org.apache.maven.surefire.testng.TestNGXmlTestSuite.execute(TestNGXmlTestSuite.java:71)
	at org.apache.maven.surefire.testng.TestNGProvider.invoke(TestNGProvider.java:113)
	at org.apache.maven.surefire.booter.ForkedBooter.runSuitesInProcess(ForkedBooter.java:385)
	at org.apache.maven.surefire.booter.ForkedBooter.execute(ForkedBooter.java:162)
	at org.apache.maven.surefire.booter.ForkedBooter.run(ForkedBooter.java:507)
	at org.apache.maven.surefire.booter.ForkedBooter.main(ForkedBooter.java:495)

com.dikahadir.runners.RunnerJabatanTest.runScenario["Menghapus data jabatan dengan feature delete pada tabel jabatan dengan data jabatan yang tidak terkait dengn user .", "Hapus Jabatan"](9) -- Time elapsed: 14.10 s <<< FAILURE!
java.lang.RuntimeException: Jabatan dengan nama 'STUFF' tidak ditemukan di semua halaman.
	at com.dikahadir.page.JabatanPage.clickActionButtonWithPagination(JabatanPage.java:162)
	at com.dikahadir.definitions.jabatan.HapusJabatan.clickTombolAction(HapusJabatan.java:29)
	at ✽.user mengklik tombol action pada jabatan "STUFF"(file:///C:/Hegar/sqabatch23/TA/web_hadir/src/test/resources/features/jabatan/HapusJabatan.feature:7)

com.dikahadir.runners.RunnerJabatanTest.runScenario["Batal menghapus jabatan dengan menekan tombol batal pada form hapus jabatan", "Hapus Jabatan"](10) -- Time elapsed: 24.01 s <<< FAILURE!
java.lang.RuntimeException: Jabatan dengan nama 'STOFF' tidak ditemukan di semua halaman.
	at com.dikahadir.page.JabatanPage.clickActionButtonWithPagination(JabatanPage.java:162)
	at com.dikahadir.definitions.jabatan.HapusJabatan.clickTombolAction(HapusJabatan.java:29)
	at ✽.user mengklik tombol action pada jabatan "STOFF"(file:///C:/Hegar/sqabatch23/TA/web_hadir/src/test/resources/features/jabatan/HapusJabatan.feature:14)

com.dikahadir.runners.RunnerJabatanTest.runScenario["Validasi penambahan jabatan dengan data invalid (nama yang sama dan level yang sama,inputan level non numeric,level negtif atau minus)", "Tambah Jabatan"](18) -- Time elapsed: 21.88 s <<< FAILURE!
java.lang.AssertionError: Pesan error tidak sesuai! expected [Gagal Menambahkan Job Level] but found [Berhasil Menambahkan Job Level]
	at org.testng.Assert.fail(Assert.java:111)
	at org.testng.Assert.failNotEquals(Assert.java:1578)
	at org.testng.Assert.assertEqualsImpl(Assert.java:150)
	at org.testng.Assert.assertEquals(Assert.java:132)
	at org.testng.Assert.assertEquals(Assert.java:656)
	at com.dikahadir.definitions.jabatan.TambahJabatanTest.pesanError(TambahJabatanTest.java:69)
	at ✽.sistem menampilkan pesan error "Gagal Menambahkan Job Level"(file:///C:/Hegar/sqabatch23/TA/web_hadir/src/test/resources/features/jabatan/TambahJabatan.feature:48)

com.dikahadir.runners.RunnerJabatanTest.runScenario["Validasi penambahan jabatan dengan data invalid (nama yang sama dan level yang sama,inputan level non numeric,level negtif atau minus)", "Tambah Jabatan"](20) -- Time elapsed: 21.31 s <<< FAILURE!
java.lang.AssertionError: Pesan error tidak sesuai! expected [Gagal Menambahkan Job Level] but found [Berhasil Menambahkan Job Level]
	at org.testng.Assert.fail(Assert.java:111)
	at org.testng.Assert.failNotEquals(Assert.java:1578)
	at org.testng.Assert.assertEqualsImpl(Assert.java:150)
	at org.testng.Assert.assertEquals(Assert.java:132)
	at org.testng.Assert.assertEquals(Assert.java:656)
	at com.dikahadir.definitions.jabatan.TambahJabatanTest.pesanError(TambahJabatanTest.java:69)
	at ✽.sistem menampilkan pesan error "Gagal Menambahkan Job Level"(file:///C:/Hegar/sqabatch23/TA/web_hadir/src/test/resources/features/jabatan/TambahJabatan.feature:48)

